<?xml version="1.0" encoding="UTF-8"?>
<testsuite name="InventoryTests"
           tests="3"
           failures="0"
           errors="0"
           skipped="0"
           time="3.981">
    <properties></properties>



            <testcase
                name="checkItemsAddedCorrectlyToCart"
                time="1.070"
                classname="org.example.TestCases.T01_InventoryItems">
            </testcase>
            <testcase
                name="CheckInventorySorting"
                time="1.046"
                classname="org.example.TestCases.T01_InventoryItems">
            </testcase>
            <testcase
                name="checkItemsTotalsAndSuccessfulCheckOutMessage"
                time="1.865"
                classname="org.example.TestCases.T01_InventoryItems">
            </testcase>
</testsuite>
